number,value,state,params_colsample_bylevel,params_colsample_bytree,params_gamma,params_learning_rate,params_max_delta_step,params_max_depth,params_min_child_weight,params_reg_alpha,params_reg_lambda,params_subsample,duration
0,0.38503180811358123,COMPLETE,0.728792282282364,0.78566381223206,0.0003589292330513243,0.0139729067186598,6,9,10.263855481328806,1.5885114859344862,16.95697622655974,0.7033039353063821,0 days 00:00:29.643260
1,0.42354766370130886,COMPLETE,0.5191203490471319,0.565869637002012,0.0003450743463861403,0.041492392942547925,4,5,14.945293395341018,0.10580834990982495,3.429543442286527,0.5945878112853683,0 days 00:00:15.909374
2,0.40994148985470136,COMPLETE,0.7305291721727856,0.3090016394402353,0.0009660957317093415,0.1442369479833877,1,7,1.1952935658249606,9.477160441910332,0.02944103590510642,0.8393520276414032,0 days 00:00:14.496968
3,0.41416314362233225,COMPLETE,0.704548527833337,0.8938840686315884,0.003945035839912345,0.017388437695052186,2,3,1.820746560411164,4.838341864888024,0.49824698122932365,0.9302787191322399,0 days 00:00:17.784305
4,0.4401007101116214,COMPLETE,0.8230755807232839,0.5024089598410967,0.00023933152935027554,0.07644981915850291,2,3,19.7752214539673,0.01213222974151366,0.016638895862822425,0.5833824244395232,0 days 00:00:21.967472
5,0.43941838405066497,COMPLETE,0.958804426415907,0.8062275093341749,1.1128618120802818,0.07655088352682304,6,4,6.366048145568862,0.9538847575196872,4.019518719110869,0.6454245834316323,0 days 00:00:18.247857
6,0.41034701484734576,COMPLETE,0.759680766583408,0.6216570668927975,1.5877569023937554,0.17619307194485315,3,5,1.5824365996411858,0.0033502133897768687,0.20660670387549954,0.9961969831706945,0 days 00:00:11.988638
7,0.4192729279823358,COMPLETE,0.8423318322704956,0.9954710000569922,0.023399433245904676,0.19451463948952738,6,4,81.11924512675427,0.5495138914004233,5.817436007775212,0.9104652244926648,0 days 00:00:13.087774
8,0.4089904611993189,PRUNED,0.8038150917582656,0.969228846778263,0.1467756240202153,0.06541208011249595,1,7,5.866036255734224,0.06481426508432388,4.080989800809041,0.9654286895982425,0 days 00:00:14.167956
9,0.3558141813283169,PRUNED,0.6838498494053875,0.5489915732346621,0.02365613735418289,0.1666953813179497,2,9,2.8869166877829278,0.008152186898083096,6.413128207267398,0.6816808932861261,0 days 00:00:10.749088
10,0.43307679360618395,COMPLETE,0.6744414598666837,0.45697685469274063,0.005706020645031031,0.1874647728872229,2,3,177.47686861287247,0.03428022568358768,0.01860130372591314,0.5655952032128706,0 days 00:00:14.375386
11,0.42594141908245997,COMPLETE,0.9200010317757912,0.7121807052821755,0.5803809224167555,0.13654354429557983,6,5,1.0935435055908709,3.9657678469775166,10.950662776483242,0.633385443418389,0 days 00:00:14.719825
12,0.4330130372025598,COMPLETE,0.9467024527931227,0.8224199126145434,1.522256683700635,0.04101976696933952,5,3,25.813427385972258,8.584103464806535,2.9481366948553847,0.5467794457197903,0 days 00:00:26.683374
13,0.44680591218555027,COMPLETE,0.9060857792437753,0.41103280119926444,0.0013584669378390016,0.04290766012854653,1,3,22.64495295735949,0.008907937252913063,0.06222787814113203,0.5927249719303463,0 days 00:00:33.370929
14,0.43379269351595356,COMPLETE,0.9840960969883237,0.5428470409363388,0.003014099850753793,0.1016336134934248,0,4,20.955107076601855,0.010000359566547438,0.09775002527790642,0.5575238593857044,0 days 00:00:14.365437
15,0.42382332528571476,PRUNED,0.7729059892445991,0.7550032531390549,0.00033294698566572816,0.08307092533912064,3,5,15.305582237387723,0.013512294374584604,0.022060220664419424,0.5783769185240049,0 days 00:00:12.217700
16,0.43893026023082476,COMPLETE,0.9113537250622847,0.382222547281665,0.00023624348021029353,0.023309225202690652,3,4,4.862318472197934,0.02813830637664888,0.02678201986461001,0.7407826796507958,0 days 00:00:33.243407
17,0.44363727763887356,COMPLETE,0.8395750770266146,0.3176365507247973,0.00027174674570833504,0.015218116007420996,1,5,63.38844167615187,0.008387968657470362,0.35208104613687746,0.5206445790697211,0 days 00:01:00.256313
18,0.41403897750372387,PRUNED,0.8309439071923949,0.5145423299438457,0.00010224373484808323,0.010756044258608944,0,5,79.45271068699628,0.004810785625270163,0.08590497387985231,0.5062955132607939,0 days 00:00:10.841642
19,0.43127207177000604,PRUNED,0.9436618713084892,0.41245572349769505,0.002900172202808165,0.04816568678420015,2,5,66.22426288475415,0.0211868226791637,2.4526843612274636,0.7076863774944352,0 days 00:00:13.013533
20,0.43444281020812814,COMPLETE,0.9368083636115102,0.5753341376703163,0.10767228389741565,0.02038599075916745,1,3,6.544900469871502,0.008526950783763415,0.034352989847354555,0.7166688768271253,0 days 00:00:35.697598
21,0.4257634055444449,PRUNED,0.7928614730888995,0.3429569231460066,0.0005249006213651105,0.014403541304049252,4,7,108.05219019404126,0.027783683376860675,6.999256042627669,0.5882313972417788,0 days 00:00:16.795822
22,0.4248282356443218,COMPLETE,0.9189040599328698,0.31174328894572423,0.08104951075862091,0.02683848141383161,1,3,101.95525844845508,0.0015931527772115434,0.012387312332114177,0.6164821076207989,0 days 00:00:23.772779
23,0.43122315019165586,COMPLETE,0.9561155271964548,0.39884334791405684,0.00016519147031841044,0.040079293413999385,1,3,91.72870214151787,0.002840902616638966,0.3190133437462337,0.512870055088259,0 days 00:00:22.102017
24,0.4352960281623531,COMPLETE,0.7393658240655544,0.3345949985424429,0.003200462882239026,0.0780540094486677,0,4,5.664885996433193,0.007580297033543274,0.10427491878325927,0.6463191603997972,0 days 00:00:18.221498
25,0.446956570237871,COMPLETE,0.8963683835419786,0.4043200523386549,0.005747368951979941,0.046910202766883145,3,3,24.750832199873116,0.04195714128235737,0.04798839085218323,0.5198836090499535,0 days 00:00:25.555138
26,0.4412463672451367,COMPLETE,0.7951928033378266,0.305979546892837,0.0392660938676801,0.034187677047552656,5,3,26.484776496431646,0.04219015133283855,0.020232347495142557,0.571268430375816,0 days 00:00:30.268616
27,0.4138827006510437,COMPLETE,0.8568752767105061,0.6565528153644613,0.009605369752962488,0.0194647348960308,2,3,20.34319445282356,1.0434836399997318,0.07592172805146795,0.5561562580578846,0 days 00:00:16.387567
28,0.42126523943312494,PRUNED,0.9128070326172297,0.33448286685808215,0.0008874858820097569,0.013304832147341654,4,4,53.04281628202038,0.013688514619076192,0.2578836130633494,0.5553380634498295,0 days 00:00:12.279709
29,0.4123161642381059,PRUNED,0.8273483369016127,0.3164264354410331,0.00010606591487190861,0.025129499375183478,1,9,28.534920319610496,0.12189427335370648,0.4096548618263817,0.6213594732987937,0 days 00:00:23.231605
30,0.43443485027585127,PRUNED,0.9599440873366216,0.350465623014811,0.039953783992425704,0.11855307005661932,3,3,88.99521357127419,0.21373698607456112,0.1762910844858502,0.5360601780066686,0 days 00:00:11.157987
31,0.4356381844157069,COMPLETE,0.7851367526636868,0.4121476311093749,0.03351329228472883,0.020040944031197577,5,3,18.15832442506407,0.16965408961657216,0.05958608939653756,0.708015403929068,0 days 00:00:38.644178
32,0.42403557231306155,PRUNED,0.8147715915005236,0.32456351604716227,0.1590570788399735,0.04423761632168596,6,6,18.453122413806224,0.14505899110993478,0.020704160187776495,0.5177376395345374,0 days 00:00:12.193000
33,0.4332945996593729,PRUNED,0.8913470674441992,0.32114390084408817,0.006083106887665008,0.07556805868786709,2,4,4.504686881394303,0.3531777425030966,0.024715279549211357,0.5516808660315948,0 days 00:00:13.175704
34,0.43401718135940814,PRUNED,0.6675108685568737,0.3478560081376401,0.0016846777451956076,0.048539607617823784,0,5,87.19239893256278,0.003843181996933843,2.87211712629971,0.5445966994221758,0 days 00:00:15.502922
35,0.44497594040513583,COMPLETE,0.8087265199396559,0.4316177325857894,0.16790957526336542,0.043475649388423326,6,3,66.56044726676477,0.011452923227135422,0.029780011347910567,0.5785885840588126,0 days 00:00:29.617061
36,0.4347629167070821,PRUNED,0.7559125305213135,0.6832638151017087,0.6401353161684717,0.048459913106662644,6,5,57.004894055371295,0.007849927439958021,0.1933038030603851,0.5997120144863947,0 days 00:00:15.725372
37,0.44200549523873817,COMPLETE,0.7648675832203845,0.5186594809745143,2.168024999648065,0.06515224211388837,4,3,182.47904538704944,0.0013800159959734884,0.038010654990223165,0.7202558102300066,0 days 00:00:24.941909
38,0.44383269664929337,COMPLETE,0.9057664685636839,0.3498979878060688,0.36308568912205946,0.03948841084703519,6,3,67.69354098813248,0.0031269971013397884,0.19452187053269235,0.5939987839177477,0 days 00:00:30.653794
39,0.43601256775130365,COMPLETE,0.8084278498370578,0.3448675776740137,0.8525404964676526,0.036724093134086096,5,3,55.973801697699955,0.006845274629842221,1.1054711365018692,0.6039729823967094,0 days 00:00:27.042085
40,0.4278083592824582,PRUNED,0.8902619303191552,0.3854483537270869,0.01481036517668644,0.03441567317294124,6,3,31.152822832610937,0.0012742844668628508,0.06454269128645161,0.5897977261926689,0 days 00:00:15.051814
41,0.4399469124060959,COMPLETE,0.8488871264901476,0.3820819385647969,0.0992682968351283,0.021451677733403462,6,5,151.5278528096458,0.004132179184798114,0.06256016872761994,0.5650760810830052,0 days 00:00:33.373500
42,0.4371605825578964,COMPLETE,0.95074441329545,0.3779604329848871,1.0553565044867914,0.01920492571680414,5,4,25.875406156113314,0.0018497800689305278,0.1359486375327744,0.685045518442658,0 days 00:00:33.329983
43,0.42445581707915675,COMPLETE,0.7230794473882177,0.3275160811674829,0.00038960573746881167,0.011434337428012477,0,4,7.753532639709787,0.007993908985327017,0.8661873745195718,0.5555263355504301,0 days 00:00:35.389786
44,0.4353573551074456,COMPLETE,0.9270207890142171,0.39920119095383966,0.0018081621991451714,0.046781520606999145,3,3,16.441372831640308,0.04231833602095163,0.3513574617266286,0.5396258267282166,0 days 00:00:22.597681
45,0.4221724337616919,PRUNED,0.8067770010931459,0.3063314747378844,0.001410557587132138,0.02948070602796909,2,6,94.19700175922041,0.08600435215772895,0.25301667766892816,0.5380739308851711,0 days 00:00:17.693209
46,0.4324466997234227,PRUNED,0.9209674564953056,0.30609319679549707,0.027273929043838057,0.016741443352408947,0,6,43.72430738392946,0.007528389625266188,6.176832539358254,0.5327377150402914,0 days 00:00:31.558256
47,0.43291656334965706,COMPLETE,0.8982687586858593,0.4679890013287141,0.010544833898874636,0.03236021753518138,3,3,34.7380589655634,0.090859744305158,0.017299082907949286,0.5009998632455068,0 days 00:00:28.353776
48,0.4331856881766578,PRUNED,0.982026506143427,0.5639799028113786,0.04274260998568107,0.12717871988457885,5,4,120.12073551352812,0.005382629394357231,0.013561441375252522,0.6879136767701289,0 days 00:00:10.143287
49,0.44829016009050554,COMPLETE,0.8843433163697136,0.41909631445313117,0.16811735708496622,0.04046561115098005,6,3,110.32376430909859,0.005769803734856525,0.6205152894669264,0.9427464125126266,0 days 00:00:34.850669
50,0.4422108292190541,COMPLETE,0.9454388238998993,0.36253272918674184,1.2099704226854748,0.09103680995939109,6,3,27.42463069344356,0.019003575500692045,0.13466952127759954,0.6263092484855591,0 days 00:00:21.771907
51,0.42888349880463356,COMPLETE,0.8092467725188721,0.3405687151291179,0.04715364719579137,0.04541013410063534,5,3,56.91050646522219,0.009825375968916812,0.24144544652667194,0.995220276254344,0 days 00:00:21.272988
52,0.4310347255798793,PRUNED,0.918342103982435,0.35024059423781684,0.7535348558363282,0.0812953771980486,6,4,103.6413370219468,0.0010885844136755392,0.5249216757095422,0.9617292241967323,0 days 00:00:11.585861
53,0.4279427953151964,PRUNED,0.9363173857267154,0.5571083875618328,0.15332947065204594,0.025878116924045482,6,4,113.41643245663835,0.008061518012239454,2.143479862945444,0.9009097142332632,0 days 00:00:13.586839
54,0.4332454456275185,COMPLETE,0.8558561913039111,0.3591260926731167,0.43628290586872015,0.033639119836917634,6,3,170.64704103455074,0.17313779686630926,0.3564151863930449,0.8098182519617447,0 days 00:00:28.719600
55,0.44445147532848434,COMPLETE,0.9771328114876898,0.38267272149053916,0.00018349316002814068,0.06891382265990649,1,3,36.578191011307,0.04545931852164424,0.03396231866130305,0.7550764778948339,0 days 00:00:20.428638
56,0.4392358211176944,COMPLETE,0.9082084526432072,0.33234142268795974,0.00045804945386830294,0.0465847172074376,1,4,46.6878976335442,0.105346194377201,0.1008325704027326,0.8211051598663295,0 days 00:00:21.204786
57,0.4272384090661858,PRUNED,0.9520052561835132,0.47571717602903624,0.0011999023424925327,0.09587121932063593,0,5,135.20184861306151,0.1446091141931639,0.02229968933742515,0.7370758292649828,0 days 00:00:12.880214
58,0.44753057482369546,COMPLETE,0.9065834091803487,0.5992432832529587,0.09497506577345739,0.045902513655278504,6,3,92.38720266748477,0.06661572471868007,0.01960702969076796,0.5481010665209199,0 days 00:00:31.695043
59,0.4297671689841002,COMPLETE,0.7933089801102979,0.4926859916133343,0.08446199762470899,0.0500216411097719,6,3,85.45031317095172,0.17930589477800585,0.04303818841408475,0.554399826162703,0 days 00:00:23.739092
